<?xml version="1.0" encoding="UTF-8"?>
<!-- Generated by org.testng.reporters.JUnitReportReporter -->
<testsuite hostname="DESKTOP-VB4B7P9" name="com.sample1.test.demo.tests.DemoTest" tests="1" failures="0" timestamp="27 Feb 2021 15:00:42 GMT" time="0.010" errors="0">
  <testcase name="demoTest" time="0.010" classname="com.sample1.test.demo.tests.DemoTest"/>
</testsuite> <!-- com.sample1.test.demo.tests.DemoTest -->
