<?xml version="1.0" encoding="UTF-8"?>
<!-- Generated by org.testng.reporters.JUnitReportReporter -->
<testsuite hostname="DESKTOP-VB4B7P9" name="com.sample.test.demo.tests.DemoTest" tests="1" failures="0" timestamp="28 Feb 2021 14:21:08 GMT" time="0.002" errors="0">
  <testcase name="demoTest" time="0.002" classname="com.sample.test.demo.tests.DemoTest"/>
</testsuite> <!-- com.sample.test.demo.tests.DemoTest -->
